{"C:\\Users\\yojho\\OneDrive\\Escritorio\\proyecto final\\backendMonsters\\controllers\\categoria.controller.js": {"path":"C:\\Users\\yojho\\OneDrive\\Escritorio\\proyecto final\\backendMonsters\\controllers\\categoria.controller.js","statementMap":{"0":{"start":{"line":1,"column":18},"end":{"line":1,"column":56}},"1":{"start":{"line":2,"column":17},"end":{"line":2,"column":36}},"2":{"start":{"line":4,"column":24},"end":{"line":17,"column":1}},"3":{"start":{"line":5,"column":23},"end":{"line":5,"column":31}},"4":{"start":{"line":6,"column":4},"end":{"line":16,"column":5}},"5":{"start":{"line":7,"column":31},"end":{"line":9,"column":10}},"6":{"start":{"line":11,"column":8},"end":{"line":11,"column":36}},"7":{"start":{"line":12,"column":8},"end":{"line":12,"column":79}},"8":{"start":{"line":14,"column":8},"end":{"line":14,"column":27}},"9":{"start":{"line":15,"column":8},"end":{"line":15,"column":65}},"10":{"start":{"line":19,"column":26},"end":{"line":27,"column":1}},"11":{"start":{"line":20,"column":4},"end":{"line":26,"column":5}},"12":{"start":{"line":21,"column":27},"end":{"line":21,"column":49}},"13":{"start":{"line":22,"column":8},"end":{"line":22,"column":52}},"14":{"start":{"line":24,"column":8},"end":{"line":24,"column":27}},"15":{"start":{"line":25,"column":8},"end":{"line":25,"column":65}},"16":{"start":{"line":29,"column":24},"end":{"line":42,"column":1}},"17":{"start":{"line":30,"column":23},"end":{"line":30,"column":31}},"18":{"start":{"line":31,"column":4},"end":{"line":31,"column":24}},"19":{"start":{"line":33,"column":4},"end":{"line":41,"column":5}},"20":{"start":{"line":34,"column":8},"end":{"line":36,"column":11}},"21":{"start":{"line":37,"column":8},"end":{"line":37,"column":83}},"22":{"start":{"line":39,"column":8},"end":{"line":39,"column":27}},"23":{"start":{"line":40,"column":8},"end":{"line":40,"column":65}},"24":{"start":{"line":44,"column":24},"end":{"line":55,"column":1}},"25":{"start":{"line":45,"column":20},"end":{"line":45,"column":42}},"26":{"start":{"line":46,"column":4},"end":{"line":46,"column":21}},"27":{"start":{"line":48,"column":4},"end":{"line":54,"column":5}},"28":{"start":{"line":49,"column":8},"end":{"line":49,"column":43}},"29":{"start":{"line":50,"column":8},"end":{"line":50,"column":81}},"30":{"start":{"line":52,"column":8},"end":{"line":52,"column":27}},"31":{"start":{"line":53,"column":8},"end":{"line":53,"column":65}},"32":{"start":{"line":57,"column":0},"end":{"line":57,"column":88}}},"fnMap":{"0":{"name":"(anonymous_0)","decl":{"start":{"line":4,"column":24},"end":{"line":4,"column":25}},"loc":{"start":{"line":4,"column":44},"end":{"line":17,"column":1}},"line":4},"1":{"name":"(anonymous_1)","decl":{"start":{"line":19,"column":26},"end":{"line":19,"column":27}},"loc":{"start":{"line":19,"column":46},"end":{"line":27,"column":1}},"line":19},"2":{"name":"(anonymous_2)","decl":{"start":{"line":29,"column":24},"end":{"line":29,"column":25}},"loc":{"start":{"line":29,"column":44},"end":{"line":42,"column":1}},"line":29},"3":{"name":"(anonymous_3)","decl":{"start":{"line":44,"column":24},"end":{"line":44,"column":25}},"loc":{"start":{"line":44,"column":44},"end":{"line":55,"column":1}},"line":44}},"branchMap":{},"s":{"0":1,"1":1,"2":1,"3":1,"4":1,"5":1,"6":1,"7":1,"8":0,"9":0,"10":1,"11":1,"12":1,"13":1,"14":0,"15":0,"16":1,"17":1,"18":1,"19":1,"20":1,"21":1,"22":0,"23":0,"24":1,"25":1,"26":1,"27":1,"28":1,"29":1,"30":0,"31":0,"32":1},"f":{"0":1,"1":1,"2":1,"3":1},"b":{},"_coverageSchema":"1a1c01bbd47fc00a2c39e90264f33305004495a9","hash":"1b1dc9625f39ac0b137a65c9eddb1c3f339bc033"}
,"C:\\Users\\yojho\\OneDrive\\Escritorio\\proyecto final\\backendMonsters\\controllers\\user.controller.js": {"path":"C:\\Users\\yojho\\OneDrive\\Escritorio\\proyecto final\\backendMonsters\\controllers\\user.controller.js","statementMap":{"0":{"start":{"line":1,"column":26},"end":{"line":1,"column":63}},"1":{"start":{"line":2,"column":13},"end":{"line":2,"column":46}},"2":{"start":{"line":4,"column":20},"end":{"line":12,"column":1}},"3":{"start":{"line":5,"column":4},"end":{"line":11,"column":5}},"4":{"start":{"line":6,"column":22},"end":{"line":6,"column":39}},"5":{"start":{"line":7,"column":8},"end":{"line":7,"column":45}},"6":{"start":{"line":9,"column":8},"end":{"line":9,"column":27}},"7":{"start":{"line":10,"column":8},"end":{"line":10,"column":60}},"8":{"start":{"line":14,"column":19},"end":{"line":38,"column":1}},"9":{"start":{"line":15,"column":32},"end":{"line":15,"column":40}},"10":{"start":{"line":16,"column":4},"end":{"line":18,"column":5}},"11":{"start":{"line":17,"column":8},"end":{"line":17,"column":74}},"12":{"start":{"line":19,"column":4},"end":{"line":37,"column":5}},"13":{"start":{"line":20,"column":21},"end":{"line":20,"column":51}},"14":{"start":{"line":21,"column":8},"end":{"line":23,"column":9}},"15":{"start":{"line":22,"column":12},"end":{"line":22,"column":82}},"16":{"start":{"line":25,"column":22},"end":{"line":28,"column":10}},"17":{"start":{"line":30,"column":8},"end":{"line":30,"column":27}},"18":{"start":{"line":32,"column":8},"end":{"line":32,"column":77}},"19":{"start":{"line":35,"column":8},"end":{"line":35,"column":27}},"20":{"start":{"line":36,"column":8},"end":{"line":36,"column":61}},"21":{"start":{"line":40,"column":18},"end":{"line":70,"column":1}},"22":{"start":{"line":41,"column":32},"end":{"line":41,"column":40}},"23":{"start":{"line":42,"column":4},"end":{"line":44,"column":5}},"24":{"start":{"line":43,"column":8},"end":{"line":43,"column":74}},"25":{"start":{"line":46,"column":4},"end":{"line":69,"column":5}},"26":{"start":{"line":47,"column":23},"end":{"line":47,"column":53}},"27":{"start":{"line":48,"column":8},"end":{"line":52,"column":9}},"28":{"start":{"line":49,"column":12},"end":{"line":51,"column":14}},"29":{"start":{"line":53,"column":8},"end":{"line":57,"column":9}},"30":{"start":{"line":54,"column":12},"end":{"line":56,"column":14}},"31":{"start":{"line":59,"column":22},"end":{"line":59,"column":61}},"32":{"start":{"line":61,"column":8},"end":{"line":64,"column":10}},"33":{"start":{"line":67,"column":8},"end":{"line":67,"column":27}},"34":{"start":{"line":68,"column":8},"end":{"line":68,"column":61}},"35":{"start":{"line":72,"column":17},"end":{"line":93,"column":1}},"36":{"start":{"line":73,"column":23},"end":{"line":73,"column":49}},"37":{"start":{"line":74,"column":4},"end":{"line":76,"column":5}},"38":{"start":{"line":75,"column":8},"end":{"line":75,"column":81}},"39":{"start":{"line":78,"column":4},"end":{"line":92,"column":5}},"40":{"start":{"line":79,"column":23},"end":{"line":79,"column":53}},"41":{"start":{"line":80,"column":8},"end":{"line":82,"column":9}},"42":{"start":{"line":81,"column":12},"end":{"line":81,"column":70}},"43":{"start":{"line":83,"column":8},"end":{"line":88,"column":11}},"44":{"start":{"line":90,"column":8},"end":{"line":90,"column":27}},"45":{"start":{"line":91,"column":8},"end":{"line":91,"column":62}},"46":{"start":{"line":95,"column":19},"end":{"line":115,"column":1}},"47":{"start":{"line":96,"column":48},"end":{"line":96,"column":56}},"48":{"start":{"line":97,"column":4},"end":{"line":97,"column":26}},"49":{"start":{"line":98,"column":4},"end":{"line":98,"column":26}},"50":{"start":{"line":99,"column":4},"end":{"line":99,"column":33}},"51":{"start":{"line":100,"column":4},"end":{"line":102,"column":5}},"52":{"start":{"line":101,"column":8},"end":{"line":101,"column":85}},"53":{"start":{"line":104,"column":4},"end":{"line":114,"column":5}},"54":{"start":{"line":105,"column":23},"end":{"line":105,"column":53}},"55":{"start":{"line":106,"column":8},"end":{"line":108,"column":9}},"56":{"start":{"line":107,"column":12},"end":{"line":107,"column":71}},"57":{"start":{"line":109,"column":8},"end":{"line":109,"column":68}},"58":{"start":{"line":110,"column":8},"end":{"line":110,"column":81}},"59":{"start":{"line":112,"column":8},"end":{"line":112,"column":27}},"60":{"start":{"line":113,"column":8},"end":{"line":113,"column":62}},"61":{"start":{"line":117,"column":19},"end":{"line":128,"column":1}},"62":{"start":{"line":118,"column":23},"end":{"line":118,"column":49}},"63":{"start":{"line":119,"column":4},"end":{"line":119,"column":26}},"64":{"start":{"line":121,"column":4},"end":{"line":127,"column":5}},"65":{"start":{"line":122,"column":8},"end":{"line":122,"column":41}},"66":{"start":{"line":123,"column":8},"end":{"line":123,"column":76}},"67":{"start":{"line":125,"column":8},"end":{"line":125,"column":27}},"68":{"start":{"line":126,"column":8},"end":{"line":126,"column":62}},"69":{"start":{"line":130,"column":0},"end":{"line":137,"column":1}}},"fnMap":{"0":{"name":"(anonymous_0)","decl":{"start":{"line":4,"column":20},"end":{"line":4,"column":21}},"loc":{"start":{"line":4,"column":39},"end":{"line":12,"column":1}},"line":4},"1":{"name":"(anonymous_1)","decl":{"start":{"line":14,"column":19},"end":{"line":14,"column":20}},"loc":{"start":{"line":14,"column":37},"end":{"line":38,"column":1}},"line":14},"2":{"name":"(anonymous_2)","decl":{"start":{"line":40,"column":18},"end":{"line":40,"column":19}},"loc":{"start":{"line":40,"column":36},"end":{"line":70,"column":1}},"line":40},"3":{"name":"(anonymous_3)","decl":{"start":{"line":72,"column":17},"end":{"line":72,"column":18}},"loc":{"start":{"line":72,"column":34},"end":{"line":93,"column":1}},"line":72},"4":{"name":"(anonymous_4)","decl":{"start":{"line":95,"column":19},"end":{"line":95,"column":20}},"loc":{"start":{"line":95,"column":36},"end":{"line":115,"column":1}},"line":95},"5":{"name":"(anonymous_5)","decl":{"start":{"line":117,"column":19},"end":{"line":117,"column":20}},"loc":{"start":{"line":117,"column":36},"end":{"line":128,"column":1}},"line":117}},"branchMap":{"0":{"loc":{"start":{"line":16,"column":4},"end":{"line":18,"column":5}},"type":"if","locations":[{"start":{"line":16,"column":4},"end":{"line":18,"column":5}},{"start":{},"end":{}}],"line":16},"1":{"loc":{"start":{"line":16,"column":7},"end":{"line":16,"column":29}},"type":"binary-expr","locations":[{"start":{"line":16,"column":7},"end":{"line":16,"column":16}},{"start":{"line":16,"column":20},"end":{"line":16,"column":29}}],"line":16},"2":{"loc":{"start":{"line":21,"column":8},"end":{"line":23,"column":9}},"type":"if","locations":[{"start":{"line":21,"column":8},"end":{"line":23,"column":9}},{"start":{},"end":{}}],"line":21},"3":{"loc":{"start":{"line":42,"column":4},"end":{"line":44,"column":5}},"type":"if","locations":[{"start":{"line":42,"column":4},"end":{"line":44,"column":5}},{"start":{},"end":{}}],"line":42},"4":{"loc":{"start":{"line":42,"column":7},"end":{"line":42,"column":29}},"type":"binary-expr","locations":[{"start":{"line":42,"column":7},"end":{"line":42,"column":16}},{"start":{"line":42,"column":20},"end":{"line":42,"column":29}}],"line":42},"5":{"loc":{"start":{"line":48,"column":8},"end":{"line":52,"column":9}},"type":"if","locations":[{"start":{"line":48,"column":8},"end":{"line":52,"column":9}},{"start":{},"end":{}}],"line":48},"6":{"loc":{"start":{"line":53,"column":8},"end":{"line":57,"column":9}},"type":"if","locations":[{"start":{"line":53,"column":8},"end":{"line":57,"column":9}},{"start":{},"end":{}}],"line":53},"7":{"loc":{"start":{"line":74,"column":4},"end":{"line":76,"column":5}},"type":"if","locations":[{"start":{"line":74,"column":4},"end":{"line":76,"column":5}},{"start":{},"end":{}}],"line":74},"8":{"loc":{"start":{"line":80,"column":8},"end":{"line":82,"column":9}},"type":"if","locations":[{"start":{"line":80,"column":8},"end":{"line":82,"column":9}},{"start":{},"end":{}}],"line":80},"9":{"loc":{"start":{"line":100,"column":4},"end":{"line":102,"column":5}},"type":"if","locations":[{"start":{"line":100,"column":4},"end":{"line":102,"column":5}},{"start":{},"end":{}}],"line":100},"10":{"loc":{"start":{"line":100,"column":7},"end":{"line":100,"column":36}},"type":"binary-expr","locations":[{"start":{"line":100,"column":7},"end":{"line":100,"column":23}},{"start":{"line":100,"column":27},"end":{"line":100,"column":36}}],"line":100},"11":{"loc":{"start":{"line":106,"column":8},"end":{"line":108,"column":9}},"type":"if","locations":[{"start":{"line":106,"column":8},"end":{"line":108,"column":9}},{"start":{},"end":{}}],"line":106}},"s":{"0":1,"1":1,"2":1,"3":2,"4":2,"5":1,"6":1,"7":1,"8":1,"9":3,"10":3,"11":0,"12":3,"13":3,"14":2,"15":1,"16":1,"17":1,"18":1,"19":1,"20":1,"21":1,"22":4,"23":4,"24":0,"25":4,"26":4,"27":3,"28":1,"29":2,"30":1,"31":1,"32":1,"33":1,"34":1,"35":1,"36":3,"37":3,"38":0,"39":3,"40":3,"41":2,"42":1,"43":1,"44":1,"45":1,"46":1,"47":3,"48":3,"49":3,"50":3,"51":3,"52":0,"53":3,"54":3,"55":2,"56":1,"57":1,"58":1,"59":1,"60":1,"61":1,"62":2,"63":2,"64":2,"65":2,"66":1,"67":1,"68":1,"69":1},"f":{"0":2,"1":3,"2":4,"3":3,"4":3,"5":2},"b":{"0":[0,3],"1":[3,3],"2":[1,1],"3":[0,4],"4":[4,4],"5":[1,2],"6":[1,1],"7":[0,3],"8":[1,1],"9":[0,3],"10":[3,3],"11":[1,1]},"_coverageSchema":"1a1c01bbd47fc00a2c39e90264f33305004495a9","hash":"d6c1a6ad016ccab30f4210938cc237d7bdd54c73"}
,"C:\\Users\\yojho\\OneDrive\\Escritorio\\proyecto final\\backendMonsters\\models\\categoria.model.js": {"path":"C:\\Users\\yojho\\OneDrive\\Escritorio\\proyecto final\\backendMonsters\\models\\categoria.model.js","statementMap":{"0":{"start":{"line":1,"column":24},"end":{"line":1,"column":43}},"1":{"start":{"line":3,"column":24},"end":{"line":9,"column":2}},"2":{"start":{"line":11,"column":0},"end":{"line":11,"column":54}}},"fnMap":{},"branchMap":{},"s":{"0":1,"1":1,"2":1},"f":{},"b":{},"_coverageSchema":"1a1c01bbd47fc00a2c39e90264f33305004495a9","hash":"a5e9f43bce16476bd045ed3b9601d3cdd6c3e0a4"}
,"C:\\Users\\yojho\\OneDrive\\Escritorio\\proyecto final\\backendMonsters\\models\\user.model.js": {"path":"C:\\Users\\yojho\\OneDrive\\Escritorio\\proyecto final\\backendMonsters\\models\\user.model.js","statementMap":{"0":{"start":{"line":1,"column":24},"end":{"line":1,"column":43}},"1":{"start":{"line":3,"column":19},"end":{"line":13,"column":2}},"2":{"start":{"line":15,"column":0},"end":{"line":15,"column":44}}},"fnMap":{},"branchMap":{},"s":{"0":1,"1":1,"2":1},"f":{},"b":{},"_coverageSchema":"1a1c01bbd47fc00a2c39e90264f33305004495a9","hash":"fff54f2b6645af4f0414d1334a4b762d739d7490"}
}
