TN:
SF:controllers\categoria.controller.js
FN:4,(anonymous_0)
FN:19,(anonymous_1)
FN:29,(anonymous_2)
FN:44,(anonymous_3)
FNF:4
FNH:4
FNDA:1,(anonymous_0)
FNDA:1,(anonymous_1)
FNDA:1,(anonymous_2)
FNDA:1,(anonymous_3)
DA:1,1
DA:2,1
DA:4,1
DA:5,1
DA:6,1
DA:7,1
DA:11,1
DA:12,1
DA:14,0
DA:15,0
DA:19,1
DA:20,1
DA:21,1
DA:22,1
DA:24,0
DA:25,0
DA:29,1
DA:30,1
DA:31,1
DA:33,1
DA:34,1
DA:37,1
DA:39,0
DA:40,0
DA:44,1
DA:45,1
DA:46,1
DA:48,1
DA:49,1
DA:50,1
DA:52,0
DA:53,0
DA:57,1
LF:33
LH:25
BRF:0
BRH:0
end_of_record
TN:
SF:controllers\user.controller.js
FN:4,(anonymous_0)
FN:14,(anonymous_1)
FN:40,(anonymous_2)
FN:72,(anonymous_3)
FN:95,(anonymous_4)
FN:117,(anonymous_5)
FNF:6
FNH:6
FNDA:2,(anonymous_0)
FNDA:3,(anonymous_1)
FNDA:4,(anonymous_2)
FNDA:3,(anonymous_3)
FNDA:3,(anonymous_4)
FNDA:2,(anonymous_5)
DA:1,1
DA:2,1
DA:4,1
DA:5,2
DA:6,2
DA:7,1
DA:9,1
DA:10,1
DA:14,1
DA:15,3
DA:16,3
DA:17,0
DA:19,3
DA:20,3
DA:21,2
DA:22,1
DA:25,1
DA:30,1
DA:32,1
DA:35,1
DA:36,1
DA:40,1
DA:41,4
DA:42,4
DA:43,0
DA:46,4
DA:47,4
DA:48,3
DA:49,1
DA:53,2
DA:54,1
DA:59,1
DA:61,1
DA:67,1
DA:68,1
DA:72,1
DA:73,3
DA:74,3
DA:75,0
DA:78,3
DA:79,3
DA:80,2
DA:81,1
DA:83,1
DA:90,1
DA:91,1
DA:95,1
DA:96,3
DA:97,3
DA:98,3
DA:99,3
DA:100,3
DA:101,0
DA:104,3
DA:105,3
DA:106,2
DA:107,1
DA:109,1
DA:110,1
DA:112,1
DA:113,1
DA:117,1
DA:118,2
DA:119,2
DA:121,2
DA:122,2
DA:123,1
DA:125,1
DA:126,1
DA:130,1
LF:70
LH:66
BRDA:16,0,0,0
BRDA:16,0,1,3
BRDA:16,1,0,3
BRDA:16,1,1,3
BRDA:21,2,0,1
BRDA:21,2,1,1
BRDA:42,3,0,0
BRDA:42,3,1,4
BRDA:42,4,0,4
BRDA:42,4,1,4
BRDA:48,5,0,1
BRDA:48,5,1,2
BRDA:53,6,0,1
BRDA:53,6,1,1
BRDA:74,7,0,0
BRDA:74,7,1,3
BRDA:80,8,0,1
BRDA:80,8,1,1
BRDA:100,9,0,0
BRDA:100,9,1,3
BRDA:100,10,0,3
BRDA:100,10,1,3
BRDA:106,11,0,1
BRDA:106,11,1,1
BRF:24
BRH:20
end_of_record
TN:
SF:models\categoria.model.js
FNF:0
FNH:0
DA:1,1
DA:3,1
DA:11,1
LF:3
LH:3
BRF:0
BRH:0
end_of_record
TN:
SF:models\user.model.js
FNF:0
FNH:0
DA:1,1
DA:3,1
DA:15,1
LF:3
LH:3
BRF:0
BRH:0
end_of_record
