TN:
SF:controllers\categoria.controller.js
FN:4,(anonymous_0)
FN:19,(anonymous_1)
FN:29,(anonymous_2)
FN:45,(anonymous_3)
FNF:4
FNH:4
FNDA:2,(anonymous_0)
FNDA:2,(anonymous_1)
FNDA:3,(anonymous_2)
FNDA:2,(anonymous_3)
DA:1,1
DA:2,1
DA:4,1
DA:5,2
DA:6,2
DA:7,2
DA:11,2
DA:12,1
DA:14,1
DA:15,1
DA:19,1
DA:20,2
DA:21,2
DA:22,1
DA:24,1
DA:25,1
DA:29,1
DA:30,3
DA:31,3
DA:33,3
DA:34,3
DA:35,2
DA:36,1
DA:39,1
DA:41,1
DA:45,1
DA:46,2
DA:47,2
DA:49,2
DA:50,2
DA:51,1
DA:53,1
DA:54,1
DA:58,1
LF:34
LH:34
BRDA:35,0,0,1
BRDA:35,0,1,1
BRF:2
BRH:2
end_of_record
TN:
SF:controllers\disfraz.controller.js
FN:5,(anonymous_0)
FN:29,(anonymous_1)
FN:42,(anonymous_2)
FN:56,(anonymous_3)
FN:69,(anonymous_4)
FN:82,saveImage
FN:88,(anonymous_6)
FNF:7
FNH:7
FNDA:3,(anonymous_0)
FNDA:2,(anonymous_1)
FNDA:3,(anonymous_2)
FNDA:3,(anonymous_3)
FNDA:3,(anonymous_4)
FNDA:1,saveImage
FNDA:1,(anonymous_6)
DA:1,1
DA:2,1
DA:3,1
DA:5,1
DA:6,3
DA:7,3
DA:8,3
DA:9,2
DA:10,1
DA:12,1
DA:13,1
DA:21,1
DA:22,1
DA:24,1
DA:25,1
DA:29,1
DA:30,2
DA:31,2
DA:32,2
DA:33,1
DA:34,1
DA:36,1
DA:37,1
DA:42,1
DA:43,3
DA:44,3
DA:45,2
DA:46,1
DA:48,2
DA:50,1
DA:51,1
DA:56,1
DA:57,3
DA:58,3
DA:59,2
DA:60,1
DA:62,2
DA:64,1
DA:65,1
DA:69,1
DA:70,3
DA:71,3
DA:72,2
DA:73,1
DA:75,2
DA:77,1
DA:78,1
DA:83,1
DA:84,1
DA:85,1
DA:88,1
DA:89,1
DA:90,1
DA:91,1
DA:94,1
LF:55
LH:55
BRDA:9,0,0,1
BRDA:9,0,1,1
BRDA:45,1,0,1
BRDA:45,1,1,1
BRDA:59,2,0,1
BRDA:59,2,1,1
BRDA:72,3,0,1
BRDA:72,3,1,1
BRF:8
BRH:8
end_of_record
TN:
SF:controllers\user.controller.js
FN:4,(anonymous_0)
FN:14,(anonymous_1)
FN:40,(anonymous_2)
FN:72,(anonymous_3)
FN:95,(anonymous_4)
FN:117,(anonymous_5)
FNF:6
FNH:6
FNDA:2,(anonymous_0)
FNDA:4,(anonymous_1)
FNDA:5,(anonymous_2)
FNDA:4,(anonymous_3)
FNDA:4,(anonymous_4)
FNDA:2,(anonymous_5)
DA:1,1
DA:2,1
DA:4,1
DA:5,2
DA:6,2
DA:7,1
DA:9,1
DA:10,1
DA:14,1
DA:15,4
DA:16,4
DA:17,1
DA:19,3
DA:20,3
DA:21,2
DA:22,1
DA:25,1
DA:30,1
DA:32,1
DA:35,1
DA:36,1
DA:40,1
DA:41,5
DA:42,5
DA:43,1
DA:46,4
DA:47,4
DA:48,3
DA:49,1
DA:53,2
DA:54,1
DA:59,1
DA:61,1
DA:67,1
DA:68,1
DA:72,1
DA:73,4
DA:74,4
DA:75,1
DA:78,3
DA:79,3
DA:80,2
DA:81,1
DA:83,1
DA:90,1
DA:91,1
DA:95,1
DA:96,4
DA:97,4
DA:98,4
DA:99,4
DA:100,4
DA:101,1
DA:104,3
DA:105,3
DA:106,2
DA:107,1
DA:109,1
DA:110,1
DA:112,1
DA:113,1
DA:117,1
DA:118,2
DA:119,2
DA:121,2
DA:122,2
DA:123,1
DA:125,1
DA:126,1
DA:130,1
LF:70
LH:70
BRDA:16,0,0,1
BRDA:16,0,1,3
BRDA:16,1,0,4
BRDA:16,1,1,3
BRDA:21,2,0,1
BRDA:21,2,1,1
BRDA:42,3,0,1
BRDA:42,3,1,4
BRDA:42,4,0,5
BRDA:42,4,1,4
BRDA:48,5,0,1
BRDA:48,5,1,2
BRDA:53,6,0,1
BRDA:53,6,1,1
BRDA:74,7,0,1
BRDA:74,7,1,3
BRDA:80,8,0,1
BRDA:80,8,1,1
BRDA:100,9,0,1
BRDA:100,9,1,3
BRDA:100,10,0,4
BRDA:100,10,1,3
BRDA:106,11,0,1
BRDA:106,11,1,1
BRF:24
BRH:24
end_of_record
TN:
SF:middlewares\jwtGenerate.js
FN:3,(anonymous_0)
FNF:1
FNH:1
FNDA:2,(anonymous_0)
DA:1,2
DA:3,2
DA:4,2
DA:5,2
DA:6,2
DA:7,2
DA:10,1
DA:12,1
DA:16,2
LF:9
LH:9
BRDA:3,0,0,0
BRF:1
BRH:0
end_of_record
TN:
SF:models\categoria.model.js
FNF:0
FNH:0
DA:1,2
DA:3,2
DA:11,2
LF:3
LH:3
BRF:0
BRH:0
end_of_record
TN:
SF:models\disfraz.model.js
FNF:0
FNH:0
DA:1,1
DA:3,1
DA:31,1
LF:3
LH:3
BRF:0
BRH:0
end_of_record
TN:
SF:models\user.model.js
FNF:0
FNH:0
DA:1,1
DA:3,1
DA:15,1
LF:3
LH:3
BRF:0
BRH:0
end_of_record
